<?xml version="1.0" encoding="UTF-8"?>
<!-- Generated by org.testng.reporters.JUnitReportReporter -->
<testsuite skipped="0" hostname="Akansha-Vinsol" name="testCases.promoTestCases" tests="1" failures="0" timestamp="06 Sep 2018 12:10:59 GMT" time="35.619" errors="0">
  <testcase name="verifyExtraMilePromotions" time="35.619" classname="testCases.promoTestCases"/>
</testsuite> <!-- testCases.promoTestCases -->
