<?xml version="1.0" encoding="UTF-8"?>
<!-- Generated by org.testng.reporters.JUnitReportReporter -->
<testsuite skipped="0" hostname="Akansha-Vinsol" name="testCases.feedbackTestCases" tests="6" failures="0" timestamp="06 Sep 2018 12:06:02 GMT" time="493.871" errors="0">
  <testcase name="validateFeedbackPage" time="25.239" classname="testCases.feedbackTestCases"/>
  <testcase name="validateNoLocationAvailable" time="101.520" classname="testCases.feedbackTestCases"/>
  <testcase name="verifySearchStation" time="53.757" classname="testCases.feedbackTestCases"/>
  <testcase name="verifyDoneButton" time="70.827" classname="testCases.feedbackTestCases"/>
  <testcase name="fillTheForm" time="105.588" classname="testCases.feedbackTestCases"/>
  <testcase name="checkDialer" time="136.940" classname="testCases.feedbackTestCases"/>
</testsuite> <!-- testCases.feedbackTestCases -->
