<?xml version="1.0" encoding="UTF-8"?>
<!-- Generated by org.testng.reporters.JUnitReportReporter -->
<testsuite skipped="0" hostname="Akansha-Vinsol" name="testCases.cardsTestCases" tests="4" failures="0" timestamp="06 Sep 2018 12:16:09 GMT" time="223.654" errors="0">
  <testcase name="navigateToCards" time="36.367" classname="testCases.cardsTestCases"/>
  <testcase name="verifyPersonalCard" time="90.285" classname="testCases.cardsTestCases"/>
  <testcase name="verifyBusinessCard" time="62.951" classname="testCases.cardsTestCases"/>
  <testcase name="verifyWorkingOfBackButton" time="34.051" classname="testCases.cardsTestCases"/>
</testsuite> <!-- testCases.cardsTestCases -->
