<?xml version="1.0" encoding="UTF-8"?>
<!-- Generated by org.testng.reporters.JUnitReportReporter -->
<testsuite skipped="0" hostname="Akanshas-MacBook-Pro.local" name="testCases.homeTestCases" tests="2" failures="0" timestamp="26 Sep 2018 05:20:18 GMT" time="41.620" errors="0">
  <testcase name="seeUpdateDialog" time="12.728" classname="testCases.homeTestCases"/>
  <testcase name="verifyCountOnRedBanner" time="28.892" classname="testCases.homeTestCases"/>
</testsuite> <!-- testCases.homeTestCases -->
