<?xml version="1.0" encoding="UTF-8"?>
<!-- Generated by org.testng.reporters.JUnitReportReporter -->
<testsuite skipped="0" hostname="Akanshas-MacBook-Pro.local" name="testCases.stationNearByTestCases" tests="1" failures="0" timestamp="26 Sep 2018 13:16:36 GMT" time="27.728" errors="0">
  <testcase name="verifyDetailClosefeature" time="27.728" classname="testCases.stationNearByTestCases"/>
</testsuite> <!-- testCases.stationNearByTestCases -->
