<?xml version="1.0" encoding="UTF-8"?>
<!-- Generated by org.testng.reporters.JUnitReportReporter -->
<testsuite skipped="0" hostname="Akanshas-MacBook-Pro.local" name="testCases.inboxTestCases" tests="4" failures="0" timestamp="26 Sep 2018 05:27:03 GMT" time="68.291" errors="0">
  <testcase name="verifyInboxPage" time="15.528" classname="testCases.inboxTestCases"/>
  <testcase name="verifyInboxBackButton" time="22.176" classname="testCases.inboxTestCases"/>
  <testcase name="verifyDeleteFunctionality" time="15.328" classname="testCases.inboxTestCases"/>
  <testcase name="checkForEmptyInbox" time="15.259" classname="testCases.inboxTestCases"/>
</testsuite> <!-- testCases.inboxTestCases -->
