<?xml version="1.0" encoding="UTF-8"?>
<!-- Generated by org.testng.reporters.JUnitReportReporter -->
<testsuite skipped="0" hostname="Akanshas-MacBook-Pro.local" name="testCases.promoTestCases" tests="5" failures="0" timestamp="26 Sep 2018 05:36:30 GMT" time="118.002" errors="0">
  <testcase name="verifyFeaturedPromotions" time="21.978" classname="testCases.promoTestCases"/>
  <testcase name="verifyFooter" time="20.667" classname="testCases.promoTestCases"/>
  <testcase name="verifyExtraMilePromotions" time="25.511" classname="testCases.promoTestCases"/>
  <testcase name="verifyBackButtonWorking" time="22.282" classname="testCases.promoTestCases"/>
  <testcase name="verifyPromoPopUp" time="27.564" classname="testCases.promoTestCases"/>
</testsuite> <!-- testCases.promoTestCases -->
