<?xml version="1.0" encoding="UTF-8"?>
<!-- Generated by org.testng.reporters.JUnitReportReporter -->
<testsuite skipped="0" hostname="Akansha-Vinsol" name="testCases.settingsTestCases" tests="1" failures="0" timestamp="06 Sep 2018 12:57:25 GMT" time="27.805" errors="0">
  <testcase name="verifyBackButton" time="27.805" classname="testCases.settingsTestCases"/>
</testsuite> <!-- testCases.settingsTestCases -->
