<?xml version="1.0" encoding="UTF-8"?>
<!-- Generated by org.testng.reporters.JUnitReportReporter -->
<testsuite skipped="0" hostname="Akanshas-MacBook-Pro.local" name="testCases.cardsTestCases" tests="5" failures="0" timestamp="26 Sep 2018 05:24:49 GMT" time="149.276" errors="0">
  <testcase name="navigateToCards" time="15.623" classname="testCases.cardsTestCases"/>
  <testcase name="verifySypiPlugin" time="50.167" classname="testCases.cardsTestCases"/>
  <testcase name="verifyPersonalCard" time="32.075" classname="testCases.cardsTestCases"/>
  <testcase name="verifyBusinessCard" time="33.894" classname="testCases.cardsTestCases"/>
  <testcase name="verifyWorkingOfBackButton" time="17.517" classname="testCases.cardsTestCases"/>
</testsuite> <!-- testCases.cardsTestCases -->
