<?xml version="1.0" encoding="UTF-8"?>
<!-- Generated by org.testng.reporters.JUnitReportReporter -->
<testsuite skipped="0" hostname="Akansha-Vinsol" name="testCases.homeTestCases" tests="1" failures="0" timestamp="06 Sep 2018 12:12:17 GMT" time="43.376" errors="0">
  <testcase name="verifyCountOnRedBanner" time="43.376" classname="testCases.homeTestCases"/>
</testsuite> <!-- testCases.homeTestCases -->
