<?xml version="1.0" encoding="UTF-8"?>
<!-- Generated by org.testng.reporters.JUnitReportReporter -->
<testsuite skipped="0" hostname="Akansha-Vinsol" name="testCases.inboxTestCases" tests="1" failures="0" timestamp="11 Sep 2018 10:59:40 GMT" time="28.844" errors="0">
  <testcase name="verifyDeleteFunctionality" time="28.844" classname="testCases.inboxTestCases"/>
</testsuite> <!-- testCases.inboxTestCases -->
